<?xml version="1.0" encoding="UTF-8"?>
<testsuite name="FibonacciSpec" tests="3" skipped="0" failures="0" errors="0" timestamp="2017-10-19T17:26:39" hostname="baos-mbp.lan" time="0.135">
  <properties/>
  <testcase name="first ten terms of fibonacci sequence" classname="FibonacciSpec" time="0.118"/>
  <testcase name="sums even values from first ten terms of fibonacci sequence" classname="FibonacciSpec" time="0.014"/>
  <testcase name="sums first 4 million terms of fibonacci sequence" classname="FibonacciSpec" time="0.003"/>
  <system-out><![CDATA[]]></system-out>
  <system-err><![CDATA[]]></system-err>
</testsuite>
