<?xml version="1.0" encoding="UTF-8"?>
<testsuite name="FibonacciSpec" tests="2" skipped="0" failures="0" errors="0" timestamp="2017-10-19T17:04:23" hostname="baos-mbp.lan" time="0.147">
  <properties/>
  <testcase name="first ten terms of fibonacci sequence" classname="FibonacciSpec" time="0.142"/>
  <testcase name="sums first ten terms of fibonacci sequence" classname="FibonacciSpec" time="0.005"/>
  <system-out><![CDATA[]]></system-out>
  <system-err><![CDATA[]]></system-err>
</testsuite>
