<?xml version="1.0" encoding="UTF-8"?>
<testsuite name="MultiOf3and5Test" tests="1" skipped="0" failures="0" errors="0" timestamp="2017-10-18T21:54:18" hostname="baos-mbp.lan" time="0.112">
  <properties/>
  <testcase name="find all multiples of 3 and 5 below 10" classname="MultiOf3and5Test" time="0.112"/>
  <system-out><![CDATA[]]></system-out>
  <system-err><![CDATA[]]></system-err>
</testsuite>
